2023-04-13 19:35:47-Unknown column 'gname' in 'field list'
2023-04-13 19:36:08-Unknown column 'gname' in 'field list'
2023-04-13 19:45:51-Unknown column 'username' in 'field list'
2023-04-13 19:51:48-Unknown column 'username' in 'field list'
2023-04-13 20:27:46-Cannot add or update a child row: a foreign key constraint fails (`admin-panel`.`user`, CONSTRAINT `foreign key` FOREIGN KEY (`gid`) REFERENCES `groups` (`gid`))
2023-04-13 20:57:45-Cannot add or update a child row: a foreign key constraint fails (`admin-panel`.`user`, CONSTRAINT `foreign key` FOREIGN KEY (`gid`) REFERENCES `groups` (`gid`))
2023-04-13 20:57:57-Cannot add or update a child row: a foreign key constraint fails (`admin-panel`.`user`, CONSTRAINT `foreign key` FOREIGN KEY (`gid`) REFERENCES `groups` (`gid`))
2023-04-13 21:28:59-Unknown column 'username' in 'field list'
2023-04-13 21:36:01-Unknown column 'username' in 'field list'
2023-04-13 21:42:19-Unknown column 'username' in 'field list'
2023-04-14 01:02:39-Table 'php-articals.users' doesn't exist
2023-04-15 00:51:28-Unknown column 'Admin' in 'where clause'
2023-04-15 00:51:30-Unknown column 'Editors' in 'where clause'
2023-04-15 00:51:33-Unknown column 'Viewers' in 'where clause'
2023-04-15 00:51:36-Unknown column 'Admin' in 'where clause'
2023-04-15 00:52:31-Unknown column 'Admin' in 'where clause'
2023-04-15 00:52:34-Unknown column 'Admin' in 'where clause'
2023-04-15 00:52:37-Unknown column 'Viewers' in 'where clause'
2023-04-15 00:52:39-Unknown column 'Admin' in 'where clause'
2023-04-15 00:52:49-Unknown column 'Admin' in 'where clause'
2023-04-15 00:54:35-Unknown column 'Admin' in 'where clause'
2023-04-15 00:54:37-Unknown column 'Admin' in 'where clause'
2023-04-15 00:55:04-Unknown column 'Admin' in 'where clause'
2023-04-15 00:55:10-Unknown column 'Admin' in 'where clause'
2023-04-15 00:55:43-Unknown column 'Admin' in 'where clause'
2023-04-15 00:55:52-Unknown column 'Admin' in 'where clause'
2023-04-15 00:57:21-Unknown column 'Admin' in 'where clause'
2023-04-15 00:57:21-Unknown column 'Admin' in 'where clause'
2023-04-15 01:00:55-Unknown column 'Admin' in 'where clause'
2023-04-15 01:00:55-Unknown column 'Admin' in 'where clause'
2023-04-15 01:00:59-Unknown column 'Admin' in 'where clause'
2023-04-15 01:00:59-Unknown column 'Admin' in 'where clause'
2023-04-17 23:12:05-You have an error in your SQL syntax; check the manual that corresponds to your MariaDB server version for the right syntax to use near '@gmail.com, $2y$10$HI1PWMa/T0DZigoCxMqkpOupGXinNdZqv9AyFuEY1K0j4hdtmW1wq, hag...' at line 2
2023-04-17 23:16:17-You have an error in your SQL syntax; check the manual that corresponds to your MariaDB server version for the right syntax to use near '@g.com, $2y$10$qQa11TKAu0GGWPfEIH1LtOkgMOQJ2l8ziOoXJHnOz.JYmue58rP8., hager, ...' at line 2
2023-04-17 23:19:20-Unknown column 'hager@g.com' in 'field list'
2023-04-17 23:19:32-Unknown column 'hage@g.com' in 'field list'
2023-04-17 23:20:47-Unknown column 'hager@g.com' in 'field list'
2023-04-17 23:33:48-Unknown column 'uid' in 'where clause'
2023-04-18 00:13:54-Unknown column 'uid' in 'where clause'
